
> otel-middleware@0.1.0 start
> next start

- ready started server on [::]:3000, url: http://localhost:3000
Request recorded
{
  traceId: 'def13bd38ec85676aa1bc1f4820d474d',
  parentId: '22b99815e05ff681',
  traceState: undefined,
  name: 'ROOT_HTTP_REQUEST_DATA',
  id: '3071b5e5173bc18e',
  kind: 1,
  timestamp: 1698267513202000,
  duration: 19226.083,
  attributes: {},
  status: { code: 0 },
  events: [],
  links: []
}
{
  traceId: 'def13bd38ec85676aa1bc1f4820d474d',
  parentId: '5c1e7f236b24f9ea',
  traceState: undefined,
  name: 'executing api route (pages) /api/hello',
  id: '22b99815e05ff681',
  kind: 0,
  timestamp: 1698267513202000,
  duration: 232191,
  attributes: {
    'next.span_name': 'executing api route (pages) /api/hello',
    'next.span_type': 'Node.runHandler'
  },
  status: { code: 0 },
  events: [],
  links: []
}
{
  traceId: 'def13bd38ec85676aa1bc1f4820d474d',
  parentId: undefined,
  traceState: undefined,
  name: 'GET /api/hello',
  id: '5c1e7f236b24f9ea',
  kind: 1,
  timestamp: 1698267513164000,
  duration: 270539.042,
  attributes: {
    'next.span_name': 'GET /api/hello',
    'next.span_type': 'BaseServer.handleRequest',
    'http.method': 'GET',
    'http.target': '/api/hello',
    'http.status_code': 200,
    'next.route': '/api/hello',
    'http.route': '/api/hello'
  },
  status: { code: 0 },
  events: [],
  links: []
}
